Base path: C:/Program Files/Unity/Editor/Data
Cmd: initializeCompiler
Cmd: preprocess
  insize=1731 outsize=404 ok=1
Cmd: preprocess
  insize=2612 outsize=822 ok=1
Cmd: preprocess
  insize=895 outsize=401 ok=1
Cmd: preprocess
  insize=927 outsize=384 ok=1
Cmd: preprocess
  insize=1972 outsize=657 ok=1
Cmd: preprocess
  insize=2475 outsize=788 ok=1
Cmd: compileSnippet
  error: 2 plat 4 at ./Assets/Light2D/Resources/Shaders/LightBase.cginc(93): undeclared identifier 'PATH_TRACKING_SAMPLES'\nCompiling Vertex program with ORTHOGRAPHIC_CAMERA
Platform defines: UNITY_ENABLE_REFLECTION_BUFFERS UNITY_USE_DITHER_MASK_FOR_ALPHABLENDED_SHADOWS UNITY_PBS_USE_BRDF1 UNITY_SPECCUBE_BOX_PROJECTION UNITY_SPECCUBE_BLENDING UNITY_ENABLE_DETAIL_NORMALMAP SHADER_API_DESKTOP UNITY_COLORSPACE_GAMMA UNITY_LIGHT_PROBE_PROXY_VOLUME UNITY_LIGHTMAP_RGBM_ENCODING
  api=4 type=0 insize=2125 outsize=0 kw=ORTHOGRAPHIC_CAMERA pd=UNITY_ENABLE_REFLECTION_BUFFERS UNITY_USE_DITHER_MASK_FOR_ALPHABLENDED_SHADOWS UNITY_PBS_USE_BRDF1 UNITY_SPECCUBE_BOX_PROJECTION UNITY_SPECCUBE_BLENDING UNITY_ENABLE_DETAIL_NORMALMAP SHADER_API_DESKTOP UNITY_COLORSPACE_GAMMA UNITY_LIGHT_PROBE_PROXY_VOLUME UNITY_LIGHTMAP_RGBM_ENCODING ok=0
Cmd: preprocess
  insize=961 outsize=623 ok=1
Cmd: preprocess
  insize=961 outsize=623 ok=1
Cmd: preprocess
  insize=1339 outsize=658 ok=1
Cmd: preprocess
  insize=917 outsize=375 ok=1
Cmd: preprocess
  insize=1645 outsize=718 ok=1
Cmd: preprocess
  insize=1881 outsize=464 ok=1
Cmd: preprocess
  insize=961 outsize=623 ok=1
Cmd: preprocess
  insize=308 outsize=308 ok=1
Cmd: preprocess
  insize=961 outsize=623 ok=1
Cmd: preprocess
  insize=961 outsize=622 ok=1
Cmd: preprocess
  insize=959 outsize=621 ok=1
Cmd: preprocess
  insize=1687 outsize=841 ok=1
Cmd: preprocess
  insize=2634 outsize=845 ok=1
Cmd: preprocess
  insize=961 outsize=623 ok=1
Cmd: preprocess
  insize=2671 outsize=715 ok=1
Cmd: preprocess
  insize=1990 outsize=686 ok=1
Cmd: preprocess
  insize=961 outsize=621 ok=1
Cmd: compileSnippet
  error: 2 plat 4 at ./Assets/Light2D/Resources/Shaders/LightBase.cginc(93): undeclared identifier 'PATH_TRACKING_SAMPLES'\nCompiling Vertex program with ORTHOGRAPHIC_CAMERA
Platform defines: UNITY_ENABLE_REFLECTION_BUFFERS UNITY_USE_DITHER_MASK_FOR_ALPHABLENDED_SHADOWS UNITY_PBS_USE_BRDF1 UNITY_SPECCUBE_BOX_PROJECTION UNITY_SPECCUBE_BLENDING UNITY_ENABLE_DETAIL_NORMALMAP SHADER_API_DESKTOP UNITY_COLORSPACE_GAMMA UNITY_LIGHT_PROBE_PROXY_VOLUME UNITY_LIGHTMAP_RGBM_ENCODING
  api=4 type=0 insize=2125 outsize=0 kw=ORTHOGRAPHIC_CAMERA pd=UNITY_ENABLE_REFLECTION_BUFFERS UNITY_USE_DITHER_MASK_FOR_ALPHABLENDED_SHADOWS UNITY_PBS_USE_BRDF1 UNITY_SPECCUBE_BOX_PROJECTION UNITY_SPECCUBE_BLENDING UNITY_ENABLE_DETAIL_NORMALMAP SHADER_API_DESKTOP UNITY_COLORSPACE_GAMMA UNITY_LIGHT_PROBE_PROXY_VOLUME UNITY_LIGHTMAP_RGBM_ENCODING ok=0
Cmd: compileSnippet
  error: 2 plat 4 at ./Assets/Light2D/Resources/Shaders/LightBase.cginc(93): undeclared identifier 'PATH_TRACKING_SAMPLES'\nCompiling Fragment program with ORTHOGRAPHIC_CAMERA
Platform defines: UNITY_ENABLE_REFLECTION_BUFFERS UNITY_USE_DITHER_MASK_FOR_ALPHABLENDED_SHADOWS UNITY_PBS_USE_BRDF1 UNITY_SPECCUBE_BOX_PROJECTION UNITY_SPECCUBE_BLENDING UNITY_ENABLE_DETAIL_NORMALMAP SHADER_API_DESKTOP UNITY_COLORSPACE_GAMMA UNITY_LIGHT_PROBE_PROXY_VOLUME UNITY_LIGHTMAP_RGBM_ENCODING
  api=4 type=1 insize=2125 outsize=0 kw=ORTHOGRAPHIC_CAMERA pd=UNITY_ENABLE_REFLECTION_BUFFERS UNITY_USE_DITHER_MASK_FOR_ALPHABLENDED_SHADOWS UNITY_PBS_USE_BRDF1 UNITY_SPECCUBE_BOX_PROJECTION UNITY_SPECCUBE_BLENDING UNITY_ENABLE_DETAIL_NORMALMAP SHADER_API_DESKTOP UNITY_COLORSPACE_GAMMA UNITY_LIGHT_PROBE_PROXY_VOLUME UNITY_LIGHTMAP_RGBM_ENCODING ok=0
Cmd: initializeCompiler
Cmd: initializeCompiler
Cmd: initializeCompiler
Cmd: initializeCompiler
Cmd: initializeCompiler
Cmd: initializeCompiler
Cmd: initializeCompiler
Cmd: initializeCompiler
Cmd: initializeCompiler
